Using pre-set license
Built from '2021.1/release' branch; Version is '2021.1.16f1 (5fa502fca597) revision 6268162'; Using compiler version '192528614'; Build Type 'Release'
OS: 'Windows 10 Pro; OS build 19042.1165; Version 2009; 64bit' Language: 'zh' Physical Memory: 8130 MB
BatchMode: 1, IsHumanControllingUs: 0, StartBugReporterOnCrash: 0, Is64bit: 1, IsPro: 0

 COMMAND LINE ARGUMENTS:
C:\Program Files\Unity\Hub\Editor\2021.1.16f1\Editor\Unity.exe
-adb2
-batchMode
-noUpm
-name
AssetImportWorker0
-projectPath
E:/Unity/Learn/Unity-KID-HC-TC-Class-0822-Lesson/Hollow-Knight-KID-Class-0822-3rd
-logFile
Logs/AssetImportWorker0.log
-srvPort
63950
Successfully changed project path to: E:/Unity/Learn/Unity-KID-HC-TC-Class-0822-Lesson/Hollow-Knight-KID-Class-0822-3rd
E:/Unity/Learn/Unity-KID-HC-TC-Class-0822-Lesson/Hollow-Knight-KID-Class-0822-3rd
Using Asset Import Pipeline V2.
Refreshing native plugins compatible for Editor in 95.47 ms, found 4 plugins.
Preloading 0 native plugins for Editor in 0.00 ms.
Initialize engine version: 2021.1.16f1 (5fa502fca597)
[Subsystems] Discovering subsystems at path C:/Program Files/Unity/Hub/Editor/2021.1.16f1/Editor/Data/Resources/UnitySubsystems
[Subsystems] Discovering subsystems at path E:/Unity/Learn/Unity-KID-HC-TC-Class-0822-Lesson/Hollow-Knight-KID-Class-0822-3rd/Assets
GfxDevice: creating device client; threaded=0; jobified=0
Direct3D:
    Version:  Direct3D 11.0 [level 11.0]
    Renderer: NVIDIA GeForce GT 710 (ID=0x128b)
    Vendor:   NVIDIA
    VRAM:     984 MB
    Driver:   27.21.14.5671
Initialize mono
Mono path[0] = 'C:/Program Files/Unity/Hub/Editor/2021.1.16f1/Editor/Data/Managed'
Mono path[1] = 'C:/Program Files/Unity/Hub/Editor/2021.1.16f1/Editor/Data/MonoBleedingEdge/lib/mono/unityjit'
Mono config path = 'C:/Program Files/Unity/Hub/Editor/2021.1.16f1/Editor/Data/MonoBleedingEdge/etc'
Using monoOptions --debugger-agent=transport=dt_socket,embedding=1,server=y,suspend=n,address=127.0.0.1:56196
Begin MonoManager ReloadAssembly
Registering precompiled unity dll's ...
Register platform support module: C:/Program Files/Unity/Hub/Editor/2021.1.16f1/Editor/Data/PlaybackEngines/WebGLSupport/UnityEditor.WebGL.Extensions.dll
Register platform support module: C:/Program Files/Unity/Hub/Editor/2021.1.16f1/Editor/Data/PlaybackEngines/WindowsStandaloneSupport/UnityEditor.WindowsStandalone.Extensions.dll
Registered in 0.002264 seconds.
Native extension for WindowsStandalone target not found
Native extension for WebGL target not found
Refreshing native plugins compatible for Editor in 98.19 ms, found 4 plugins.
Preloading 0 native plugins for Editor in 0.00 ms.
Mono: successfully reloaded assembly
- Completed reload, in  1.231 seconds
Domain Reload Profiling:
	ReloadAssembly (1231ms)
		BeginReloadAssembly (62ms)
			ExecutionOrderSort (0ms)
			DisableScriptedObjects (0ms)
			BackupInstance (0ms)
			ReleaseScriptingObjects (0ms)
			CreateAndSetChildDomain (1ms)
		EndReloadAssembly (452ms)
			LoadAssemblies (60ms)
			RebuildTransferFunctionScriptingTraits (0ms)
			SetupTypeCache (153ms)
			ReleaseScriptCaches (0ms)
			RebuildScriptCaches (30ms)
			SetupLoadedEditorAssemblies (225ms)
				LogAssemblyErrors (0ms)
				InitializePlatformSupportModulesInManaged (7ms)
				SetLoadedEditorAssemblies (0ms)
				RefreshPlugins (98ms)
				BeforeProcessingInitializeOnLoad (1ms)
				ProcessInitializeOnLoadAttributes (90ms)
				ProcessInitializeOnLoadMethodAttributes (28ms)
				AfterProcessingInitializeOnLoad (0ms)
				EditorAssembliesLoaded (0ms)
			ExecutionOrderSort2 (0ms)
			AwakeInstancesAfterBackupRestoration (0ms)
Platform modules already initialized, skipping
Registering precompiled user dll's ...
Registered in 0.004548 seconds.
Begin MonoManager ReloadAssembly
Symbol file LoadedFromMemory doesn't match image E:\Unity\Learn\Unity-KID-HC-TC-Class-0822-Lesson\Hollow-Knight-KID-Class-0822-3rd\Library\PackageCache\com.unity.visualscripting@1.6.1\Editor\VisualScripting.Core\Dependencies\YamlDotNet\Unity.VisualScripting.YamlDotNet.dll
Symbol file LoadedFromMemory doesn't match image E:\Unity\Learn\Unity-KID-HC-TC-Class-0822-Lesson\Hollow-Knight-KID-Class-0822-3rd\Library\PackageCache\com.unity.visualscripting@1.6.1\Editor\VisualScripting.Core\Dependencies\DotNetZip\Unity.VisualScripting.IonicZip.dll
Native extension for WindowsStandalone target not found
Native extension for WebGL target not found
Refreshing native plugins compatible for Editor in 96.03 ms, found 4 plugins.
Preloading 0 native plugins for Editor in 0.00 ms.
Mono: successfully reloaded assembly
- Completed reload, in  1.320 seconds
Domain Reload Profiling:
	ReloadAssembly (1320ms)
		BeginReloadAssembly (154ms)
			ExecutionOrderSort (0ms)
			DisableScriptedObjects (4ms)
			BackupInstance (0ms)
			ReleaseScriptingObjects (0ms)
			CreateAndSetChildDomain (19ms)
		EndReloadAssembly (1106ms)
			LoadAssemblies (104ms)
			RebuildTransferFunctionScriptingTraits (0ms)
			SetupTypeCache (344ms)
			ReleaseScriptCaches (1ms)
			RebuildScriptCaches (50ms)
			SetupLoadedEditorAssemblies (529ms)
				LogAssemblyErrors (0ms)
				InitializePlatformSupportModulesInManaged (4ms)
				SetLoadedEditorAssemblies (0ms)
				RefreshPlugins (96ms)
				BeforeProcessingInitializeOnLoad (80ms)
				ProcessInitializeOnLoadAttributes (322ms)
				ProcessInitializeOnLoadMethodAttributes (19ms)
				AfterProcessingInitializeOnLoad (7ms)
				EditorAssembliesLoaded (0ms)
			ExecutionOrderSort2 (0ms)
			AwakeInstancesAfterBackupRestoration (6ms)
Platform modules already initialized, skipping
========================================================================
Worker process is ready to serve import requests
Launched and connected shader compiler UnityShaderCompiler.exe after 0.07 seconds
Refreshing native plugins compatible for Editor in 0.80 ms, found 4 plugins.
Preloading 0 native plugins for Editor in 0.00 ms.
Unloading 3676 Unused Serialized files (Serialized files now loaded: 0)
System memory in use before: 138.0 MB.
System memory in use after: 138.1 MB.

Unloading 37 unused Assets to reduce memory usage. Loaded Objects now: 4121.
Total: 3.735800 ms (FindLiveObjects: 0.259000 ms CreateObjectMapping: 0.147200 ms MarkObjects: 3.221300 ms  DeleteObjects: 0.107500 ms)

AssetImportParameters requested are different than current active one (requested -> active):
  custom:framework-win-MediaFoundation: 216162199b28c13a410421893ffa2e32 -> 
  custom:video-decoder-ogg-theora: a1e56fd34408186e4bbccfd4996cb3dc -> 
  custom:container-muxer-webm: aa71ff27fc2769a1b78a27578f13a17b -> 
  custom:container-demuxer-webm: 4f35f7cbe854078d1ac9338744f61a02 -> 
  custom:container-demuxer-ogg: 62fdf1f143b41e24485cea50d1cbac27 -> 
  custom:video-encoder-webm-vp8: eb34c28f22e8b96e1ab97ce403110664 -> 
  custom:video-decoder-webm-vp8: 9c59270c3fd7afecdb556c50c9e8de78 -> 
  custom:audio-decoder-ogg-vorbis: bf7c407c2cedff20999df2af8eb42d56 -> 
  custom:audio-encoder-webm-vorbis: bf7c407c2cedff20999df2af8eb42d56 -> 
========================================================================
Received Import Request.
  path: Assets/Recursos/IMG/Images/background/spawn.png
  artifactKey: Guid(e6dbd1929ff25499e89f1e704e77a17a) Importer(815301076,1909f56bfc062723c751e8b465ee728b)
Start importing Assets/Recursos/IMG/Images/background/spawn.png using Guid(e6dbd1929ff25499e89f1e704e77a17a) Importer(815301076,1909f56bfc062723c751e8b465ee728b)  -> (artifact id: '4db0cfdf3c665947770c764fa67a4379') in 0.142583 seconds 
========================================================================
Received Import Request.
  Time since last request: 0.000239 seconds.
  path: Assets/Recursos/IMG/Images
  artifactKey: Guid(358d8d46e1eb6094b844aece8e8160b9) Importer(815301076,1909f56bfc062723c751e8b465ee728b)
Start importing Assets/Recursos/IMG/Images using Guid(358d8d46e1eb6094b844aece8e8160b9) Importer(815301076,1909f56bfc062723c751e8b465ee728b)  -> (artifact id: 'd108638cbdfe0e886f08021f5f4d0e2b') in 0.005425 seconds 
========================================================================
Received Import Request.
  Time since last request: 0.000374 seconds.
  path: Assets/Recursos/IMG/Images/background/black_solid.png
  artifactKey: Guid(fd29f5de6b1414a1791dea92e369a272) Importer(815301076,1909f56bfc062723c751e8b465ee728b)
Start importing Assets/Recursos/IMG/Images/background/black_solid.png using Guid(fd29f5de6b1414a1791dea92e369a272) Importer(815301076,1909f56bfc062723c751e8b465ee728b)  -> (artifact id: 'e54973cb93f017f440b6d3165653506f') in 0.049237 seconds 
========================================================================
Received Import Request.
  Time since last request: 0.000266 seconds.
  path: Assets/Recursos/IMG/Images/background/menu_background1.png
  artifactKey: Guid(515d58acb25334258b5bdaae75fa38f5) Importer(815301076,1909f56bfc062723c751e8b465ee728b)
Start importing Assets/Recursos/IMG/Images/background/menu_background1.png using Guid(515d58acb25334258b5bdaae75fa38f5) Importer(815301076,1909f56bfc062723c751e8b465ee728b)  -> (artifact id: '041d04d82c2ba8773dcf2b7ad448d25d') in 0.049106 seconds 
========================================================================
Received Import Request.
  Time since last request: 0.000240 seconds.
  path: Assets/Recursos/IMG/Images/background/boss_background2.png
  artifactKey: Guid(816473b4d0048448598013be2abca0ff) Importer(815301076,1909f56bfc062723c751e8b465ee728b)
Start importing Assets/Recursos/IMG/Images/background/boss_background2.png using Guid(816473b4d0048448598013be2abca0ff) Importer(815301076,1909f56bfc062723c751e8b465ee728b)  -> (artifact id: '9e65721825d2b26c0a3c8da9ce9b330f') in 0.077782 seconds 
========================================================================
Received Import Request.
  Time since last request: 0.000231 seconds.
  path: Assets/Recursos/IMG/Images/background/806257.jpg
  artifactKey: Guid(6a536d8d6dad24329bd39b71b3c0d9f5) Importer(815301076,1909f56bfc062723c751e8b465ee728b)
Start importing Assets/Recursos/IMG/Images/background/806257.jpg using Guid(6a536d8d6dad24329bd39b71b3c0d9f5) Importer(815301076,1909f56bfc062723c751e8b465ee728b)  -> (artifact id: '60cbe9088b9e384ccbd11f4aa4f654e6') in 0.051865 seconds 
========================================================================
Received Import Request.
  Time since last request: 0.000202 seconds.
  path: Assets/Recursos/IMG/Images/background/mask.png
  artifactKey: Guid(b1ffd0f4bc02844139cba0c80cf883a0) Importer(815301076,1909f56bfc062723c751e8b465ee728b)
Start importing Assets/Recursos/IMG/Images/background/mask.png using Guid(b1ffd0f4bc02844139cba0c80cf883a0) Importer(815301076,1909f56bfc062723c751e8b465ee728b)  -> (artifact id: '6473d8533ef0795a96db48add5c71d24') in 0.028229 seconds 
========================================================================
Received Import Request.
  Time since last request: 0.000284 seconds.
  path: Assets/Recursos/IMG/Images/background
  artifactKey: Guid(af7859206c91d4af28962e0b6f2ed2e1) Importer(815301076,1909f56bfc062723c751e8b465ee728b)
Start importing Assets/Recursos/IMG/Images/background using Guid(af7859206c91d4af28962e0b6f2ed2e1) Importer(815301076,1909f56bfc062723c751e8b465ee728b)  -> (artifact id: 'f8d50853c4373a4325e116504bc11084') in 0.005487 seconds 
========================================================================
Received Import Request.
  Time since last request: 0.000221 seconds.
  path: Assets/Recursos/IMG/Images/background/boss_background1.png
  artifactKey: Guid(6d55d934be3644f4bad224f510afb756) Importer(815301076,1909f56bfc062723c751e8b465ee728b)
Start importing Assets/Recursos/IMG/Images/background/boss_background1.png using Guid(6d55d934be3644f4bad224f510afb756) Importer(815301076,1909f56bfc062723c751e8b465ee728b)  -> (artifact id: '3240ccdb9877c79fac60429ca92c8494') in 0.065466 seconds 
========================================================================
Received Import Request.
  Time since last request: 167.652673 seconds.
  path: Assets/Menu.unity
  artifactKey: Guid(05e7d30e11f1957428632e509063f400) Importer(815301076,1909f56bfc062723c751e8b465ee728b)
Start importing Assets/Menu.unity using Guid(05e7d30e11f1957428632e509063f400) Importer(815301076,1909f56bfc062723c751e8b465ee728b)  -> (artifact id: '993b87cbd2dd35e97cffd1f0a09bb58e') in 0.005410 seconds 
========================================================================
Received Import Request.
  Time since last request: 200.021570 seconds.
  path: Assets/Recursos/Players/Player/爬墙/附着/1.PNG
  artifactKey: Guid(e4cf69eb2a38cbe4688c686bd2d23f18) Importer(815301076,1909f56bfc062723c751e8b465ee728b)
Start importing Assets/Recursos/Players/Player/爬墙/附着/1.PNG using Guid(e4cf69eb2a38cbe4688c686bd2d23f18) Importer(815301076,1909f56bfc062723c751e8b465ee728b)  -> (artifact id: 'd82bdfc4d5b3ad9ba10f25e75ef4ff64') in 0.045901 seconds 
========================================================================
Received Import Request.
  Time since last request: 0.000253 seconds.
  path: Assets/Recursos/Players/Player/超级冲刺/冲刺阶段/1.PNG
  artifactKey: Guid(f6f2c4e89150ee74985d73f98aa8db79) Importer(815301076,1909f56bfc062723c751e8b465ee728b)
Start importing Assets/Recursos/Players/Player/超级冲刺/冲刺阶段/1.PNG using Guid(f6f2c4e89150ee74985d73f98aa8db79) Importer(815301076,1909f56bfc062723c751e8b465ee728b)  -> (artifact id: 'f4da80b75831b4bde2d038dde81aa993') in 0.029513 seconds 
========================================================================
Received Import Request.
  Time since last request: 0.000220 seconds.
  path: Assets/Recursos/Players/Player/爬墙/爬墙跳跃/1.PNG
  artifactKey: Guid(1836809ff60cd80418c6474883e1b656) Importer(815301076,1909f56bfc062723c751e8b465ee728b)
Start importing Assets/Recursos/Players/Player/爬墙/爬墙跳跃/1.PNG using Guid(1836809ff60cd80418c6474883e1b656) Importer(815301076,1909f56bfc062723c751e8b465ee728b)  -> (artifact id: 'd572cf5d29935d3dd3644d0d9867efef') in 0.051365 seconds 
========================================================================
Received Import Request.
  Time since last request: 0.000272 seconds.
  path: Assets/Recursos/Players/Player/行走/1.PNG
  artifactKey: Guid(e799002c197ecc74485213f8e06b31b5) Importer(815301076,1909f56bfc062723c751e8b465ee728b)
Start importing Assets/Recursos/Players/Player/行走/1.PNG using Guid(e799002c197ecc74485213f8e06b31b5) Importer(815301076,1909f56bfc062723c751e8b465ee728b)  -> (artifact id: '95055bf9ea1924fa7e749b77e3927a9e') in 0.036004 seconds 
========================================================================
Received Import Request.
  Time since last request: 0.000184 seconds.
  path: Assets/Recursos/Players/Player/攻击/左右攻击/2/1.PNG
  artifactKey: Guid(1f0fc01d96b7e354996979670ac9cfcc) Importer(815301076,1909f56bfc062723c751e8b465ee728b)
Start importing Assets/Recursos/Players/Player/攻击/左右攻击/2/1.PNG using Guid(1f0fc01d96b7e354996979670ac9cfcc) Importer(815301076,1909f56bfc062723c751e8b465ee728b)  -> (artifact id: 'c09dacbb77384422d1058eb80fa63c71') in 0.041421 seconds 
========================================================================
Received Import Request.
  Time since last request: 0.000175 seconds.
  path: Assets/Recursos/Players/Player/一段跳/落地/1.PNG
  artifactKey: Guid(20366bf0b15c2f5499fa074d5cf89d84) Importer(815301076,1909f56bfc062723c751e8b465ee728b)
Start importing Assets/Recursos/Players/Player/一段跳/落地/1.PNG using Guid(20366bf0b15c2f5499fa074d5cf89d84) Importer(815301076,1909f56bfc062723c751e8b465ee728b)  -> (artifact id: '23d29062944bf841297a7c778b7b2a36') in 0.034372 seconds 
========================================================================
Received Import Request.
  Time since last request: 0.000212 seconds.
  path: Assets/Recursos/Players/Player/一段跳/空中循环/1.PNG
  artifactKey: Guid(3aea7743b11ca0244a4f006d11489a71) Importer(815301076,1909f56bfc062723c751e8b465ee728b)
Start importing Assets/Recursos/Players/Player/一段跳/空中循环/1.PNG using Guid(3aea7743b11ca0244a4f006d11489a71) Importer(815301076,1909f56bfc062723c751e8b465ee728b)  -> (artifact id: '5f20bd4d86933a45d90dca19dc3e4a77') in 0.033301 seconds 
========================================================================
Received Import Request.
  Time since last request: 0.000566 seconds.
  path: Assets/Recursos/Players/Player/超级冲刺/停止阶段/1.PNG
  artifactKey: Guid(8406d3f8879d3ef428ee18d7253c8d93) Importer(815301076,1909f56bfc062723c751e8b465ee728b)
Start importing Assets/Recursos/Players/Player/超级冲刺/停止阶段/1.PNG using Guid(8406d3f8879d3ef428ee18d7253c8d93) Importer(815301076,1909f56bfc062723c751e8b465ee728b)  -> (artifact id: '0ff7c21da616823c9daca7631164afa6') in 0.044041 seconds 
========================================================================
Received Import Request.
  Time since last request: 1.080426 seconds.
  path: Assets/Recursos/Players/Player/二段跳/1.PNG
  artifactKey: Guid(3ef8a8a2bb723ad4d84f73d829807cf9) Importer(815301076,1909f56bfc062723c751e8b465ee728b)
Start importing Assets/Recursos/Players/Player/二段跳/1.PNG using Guid(3ef8a8a2bb723ad4d84f73d829807cf9) Importer(815301076,1909f56bfc062723c751e8b465ee728b)  -> (artifact id: '71e03279faea64a581f0d4e40411bb06') in 0.022731 seconds 
========================================================================
Received Import Request.
  Time since last request: 0.000307 seconds.
  path: Assets/Recursos/Players/Player/攻击/向下攻击/1.PNG
  artifactKey: Guid(d89f0de2bec7eb746b46e514a93d308b) Importer(815301076,1909f56bfc062723c751e8b465ee728b)
Start importing Assets/Recursos/Players/Player/攻击/向下攻击/1.PNG using Guid(d89f0de2bec7eb746b46e514a93d308b) Importer(815301076,1909f56bfc062723c751e8b465ee728b)  -> (artifact id: 'ce0d8fa83d1defb2670abeb1b9e03e0d') in 0.040119 seconds 
========================================================================
Received Import Request.
  Time since last request: 5.894896 seconds.
  path: Assets/Recursos/Players/Player/atlas0 #050600357.png
  artifactKey: Guid(580949e98b6084dadab158abbfae8993) Importer(815301076,1909f56bfc062723c751e8b465ee728b)
Start importing Assets/Recursos/Players/Player/atlas0 #050600357.png using Guid(580949e98b6084dadab158abbfae8993) Importer(815301076,1909f56bfc062723c751e8b465ee728b)  -> (artifact id: '406c3302ad7e3ff2e1fe5138a917309a') in 1.387321 seconds 
========================================================================
Received Import Request.
  Time since last request: 226.063039 seconds.
  path: Assets/Fonts
  artifactKey: Guid(6517aff5d8b9e4b4dbc68b216490bc04) Importer(815301076,1909f56bfc062723c751e8b465ee728b)
Start importing Assets/Fonts using Guid(6517aff5d8b9e4b4dbc68b216490bc04) Importer(815301076,1909f56bfc062723c751e8b465ee728b)  -> (artifact id: '12c28f0faabeda34e78f8d0c7e814718') in 0.005674 seconds 
========================================================================
Received Import Request.
  Time since last request: 3.225234 seconds.
  path: Assets/Fonts/Supernatural_Knight.ttf
  artifactKey: Guid(a09aa7039f7590448aa92d44b0e9f5d5) Importer(815301076,1909f56bfc062723c751e8b465ee728b)
Start importing Assets/Fonts/Supernatural_Knight.ttf using Guid(a09aa7039f7590448aa92d44b0e9f5d5) Importer(815301076,1909f56bfc062723c751e8b465ee728b)  -> (artifact id: '056932c268798055ae45aa0f993396b1') in 0.055079 seconds 
========================================================================
Received Import Request.
  Time since last request: 9.624237 seconds.
  path: Assets/Sounds
  artifactKey: Guid(15ec33017d2d54d4c862ca68c29c4c0e) Importer(815301076,1909f56bfc062723c751e8b465ee728b)
Start importing Assets/Sounds using Guid(15ec33017d2d54d4c862ca68c29c4c0e) Importer(815301076,1909f56bfc062723c751e8b465ee728b)  -> (artifact id: '6aff32555a6d42c4f29813d15b139021') in 0.005091 seconds 
========================================================================
Received Import Request.
  Time since last request: 236.591790 seconds.
  path: Assets/Recursos/IMG/Images/menu
  artifactKey: Guid(0b3a2141353c6435b903ca512857e568) Importer(815301076,1909f56bfc062723c751e8b465ee728b)
Start importing Assets/Recursos/IMG/Images/menu using Guid(0b3a2141353c6435b903ca512857e568) Importer(815301076,1909f56bfc062723c751e8b465ee728b)  -> (artifact id: '0d9d722a91b9867b067db758e3f4a90c') in 0.005744 seconds 
========================================================================
Received Import Request.
  Time since last request: 0.081391 seconds.
  path: Assets/Recursos/IMG/Images/menu/controller_button_skins_0014_xbone_menu.png
  artifactKey: Guid(50ab50dfabb3c463c948bea47e0c47b7) Importer(815301076,1909f56bfc062723c751e8b465ee728b)
Start importing Assets/Recursos/IMG/Images/menu/controller_button_skins_0014_xbone_menu.png using Guid(50ab50dfabb3c463c948bea47e0c47b7) Importer(815301076,1909f56bfc062723c751e8b465ee728b)  -> (artifact id: '06b9c435c9dc307868ef167fc723afa8') in 0.037345 seconds 
========================================================================
Received Import Request.
  Time since last request: 0.000254 seconds.
  path: Assets/Recursos/IMG/Images/menu/pause_top_fleur0007.png
  artifactKey: Guid(8f0d145b0c63f412695041747f96a27e) Importer(815301076,1909f56bfc062723c751e8b465ee728b)
Start importing Assets/Recursos/IMG/Images/menu/pause_top_fleur0007.png using Guid(8f0d145b0c63f412695041747f96a27e) Importer(815301076,1909f56bfc062723c751e8b465ee728b)  -> (artifact id: '1b58a08fa5ba4e3719ce40bdf072332c') in 0.092499 seconds 
========================================================================
Received Import Request.
  Time since last request: 0.000216 seconds.
  path: Assets/Recursos/IMG/Images/menu/pre_menu_mote.png
  artifactKey: Guid(2f4c6c647f2e44f7e85dabdcb949d7f7) Importer(815301076,1909f56bfc062723c751e8b465ee728b)
Start importing Assets/Recursos/IMG/Images/menu/pre_menu_mote.png using Guid(2f4c6c647f2e44f7e85dabdcb949d7f7) Importer(815301076,1909f56bfc062723c751e8b465ee728b)  -> (artifact id: 'dd1b0b2a191bb2d76178adf5bc9107c9') in 0.065235 seconds 
========================================================================
Received Import Request.
  Time since last request: 0.000177 seconds.
  path: Assets/Recursos/IMG/Images/menu/main_menu_pointer_anim0004.png
  artifactKey: Guid(18e7f99ea009c46f6ae0ce928d1ccc9b) Importer(815301076,1909f56bfc062723c751e8b465ee728b)
Start importing Assets/Recursos/IMG/Images/menu/main_menu_pointer_anim0004.png using Guid(18e7f99ea009c46f6ae0ce928d1ccc9b) Importer(815301076,1909f56bfc062723c751e8b465ee728b)  -> (artifact id: '0cea181f0371d560f574f09f24bccf14') in 0.065632 seconds 
========================================================================
Received Import Request.
  Time since last request: 0.000220 seconds.
  path: Assets/Recursos/IMG/Images/menu/title.png
  artifactKey: Guid(73b019315b3f44132862ce781aa67ded) Importer(815301076,1909f56bfc062723c751e8b465ee728b)
Start importing Assets/Recursos/IMG/Images/menu/title.png using Guid(73b019315b3f44132862ce781aa67ded) Importer(815301076,1909f56bfc062723c751e8b465ee728b)  -> (artifact id: '8d45dbb2f6d39f2733960beeedc8f3ca') in 0.078216 seconds 
========================================================================
Received Import Request.
  Time since last request: 0.000254 seconds.
  path: Assets/Recursos/IMG/Images/menu/main_menu_pointer_anim0001.png
  artifactKey: Guid(23d95416ea66f4b539a6234ae60f5a0a) Importer(815301076,1909f56bfc062723c751e8b465ee728b)
Start importing Assets/Recursos/IMG/Images/menu/main_menu_pointer_anim0001.png using Guid(23d95416ea66f4b539a6234ae60f5a0a) Importer(815301076,1909f56bfc062723c751e8b465ee728b)  -> (artifact id: '28336efa9892f4b231b4640c971299a3') in 0.059822 seconds 
========================================================================
Received Import Request.
  Time since last request: 0.000217 seconds.
  path: Assets/Recursos/IMG/Images/menu/main_menu_pointer_anim0009.png
  artifactKey: Guid(b199f8514b85c4059838bf4344174f22) Importer(815301076,1909f56bfc062723c751e8b465ee728b)
Start importing Assets/Recursos/IMG/Images/menu/main_menu_pointer_anim0009.png using Guid(b199f8514b85c4059838bf4344174f22) Importer(815301076,1909f56bfc062723c751e8b465ee728b)  -> (artifact id: 'd5152d913b4bc08b5eb7ada20feb8196') in 0.047549 seconds 
========================================================================
Received Import Request.
  Time since last request: 0.000219 seconds.
  path: Assets/Recursos/IMG/Images/menu/Menu_Border_Black.png
  artifactKey: Guid(7aa312bb4e42b46a3911a2059a38051d) Importer(815301076,1909f56bfc062723c751e8b465ee728b)
Start importing Assets/Recursos/IMG/Images/menu/Menu_Border_Black.png using Guid(7aa312bb4e42b46a3911a2059a38051d) Importer(815301076,1909f56bfc062723c751e8b465ee728b)  -> (artifact id: '8b36901320954c22fc9242a5fe969da4') in 0.053773 seconds 
========================================================================
Received Import Request.
  Time since last request: 0.000246 seconds.
  path: Assets/Recursos/IMG/Images/menu/pause_top_fleur0002.png
  artifactKey: Guid(522c5e0a13f94486085c92907f72e664) Importer(815301076,1909f56bfc062723c751e8b465ee728b)
Start importing Assets/Recursos/IMG/Images/menu/pause_top_fleur0002.png using Guid(522c5e0a13f94486085c92907f72e664) Importer(815301076,1909f56bfc062723c751e8b465ee728b)  -> (artifact id: '528978c1a4d67c3d85b730fc10fee9b7') in 0.054022 seconds 
========================================================================
Received Import Request.
  Time since last request: 0.000253 seconds.
  path: Assets/Recursos/IMG/Images/menu/main_menu_pointer_anim0005.png
  artifactKey: Guid(34d0c94c818104b48a10a80f6363ccef) Importer(815301076,1909f56bfc062723c751e8b465ee728b)
Start importing Assets/Recursos/IMG/Images/menu/main_menu_pointer_anim0005.png using Guid(34d0c94c818104b48a10a80f6363ccef) Importer(815301076,1909f56bfc062723c751e8b465ee728b)  -> (artifact id: 'b5d247ceacac6735b0ed685e975bac6f') in 0.043782 seconds 
========================================================================
Received Import Request.
  Time since last request: 0.000244 seconds.
  path: Assets/Recursos/IMG/Images/menu/pause_top_fleur0005.png
  artifactKey: Guid(346bf014733404b8cb3a2f7ad6e6fb32) Importer(815301076,1909f56bfc062723c751e8b465ee728b)
Start importing Assets/Recursos/IMG/Images/menu/pause_top_fleur0005.png using Guid(346bf014733404b8cb3a2f7ad6e6fb32) Importer(815301076,1909f56bfc062723c751e8b465ee728b)  -> (artifact id: '72042bb78a325f31aac3805ffc8338c2') in 0.021672 seconds 
========================================================================
Received Import Request.
  Time since last request: 0.000230 seconds.
  path: Assets/Recursos/IMG/Images/menu/main_menu_pointer_anim0003.png
  artifactKey: Guid(e6bb7d9f30bcd498684efa54cf023316) Importer(815301076,1909f56bfc062723c751e8b465ee728b)
Start importing Assets/Recursos/IMG/Images/menu/main_menu_pointer_anim0003.png using Guid(e6bb7d9f30bcd498684efa54cf023316) Importer(815301076,1909f56bfc062723c751e8b465ee728b)  -> (artifact id: 'ebd8eb02def7e9ecd49bf0ab389e19ae') in 0.022200 seconds 
========================================================================
Received Import Request.
  Time since last request: 0.000247 seconds.
  path: Assets/Recursos/IMG/Images/menu/main_menu_pointer_anim0007.png
  artifactKey: Guid(cc13aff7cf24742da84c7d705f1a2980) Importer(815301076,1909f56bfc062723c751e8b465ee728b)
Start importing Assets/Recursos/IMG/Images/menu/main_menu_pointer_anim0007.png using Guid(cc13aff7cf24742da84c7d705f1a2980) Importer(815301076,1909f56bfc062723c751e8b465ee728b)  -> (artifact id: '3a24c7440c522205966a9f066a0f0bb9') in 0.022578 seconds 
========================================================================
Received Import Request.
  Time since last request: 0.000190 seconds.
  path: Assets/Recursos/IMG/Images/menu/pause_top_fleur0004.png
  artifactKey: Guid(1c8b7e0bec21c4c17b44d9d0faf9ec16) Importer(815301076,1909f56bfc062723c751e8b465ee728b)
Start importing Assets/Recursos/IMG/Images/menu/pause_top_fleur0004.png using Guid(1c8b7e0bec21c4c17b44d9d0faf9ec16) Importer(815301076,1909f56bfc062723c751e8b465ee728b)  -> (artifact id: 'b2170db9024ad1b856eeb74519b2f4a0') in 0.025690 seconds 
========================================================================
Received Import Request.
  Time since last request: 0.000244 seconds.
  path: Assets/Recursos/IMG/Images/menu/pause_top_fleur0008.png
  artifactKey: Guid(28f8bfd4292b64ccca372a8917cb228b) Importer(815301076,1909f56bfc062723c751e8b465ee728b)
Start importing Assets/Recursos/IMG/Images/menu/pause_top_fleur0008.png using Guid(28f8bfd4292b64ccca372a8917cb228b) Importer(815301076,1909f56bfc062723c751e8b465ee728b)  -> (artifact id: 'e8e2cae1c29ba2b84aa43cf7d6ef389f') in 0.026649 seconds 
========================================================================
Received Import Request.
  Time since last request: 0.000205 seconds.
  path: Assets/Recursos/IMG/Images/menu/main_menu_pointer_anim0000.png
  artifactKey: Guid(66a8afb9c469e472c97026f9c8b4869e) Importer(815301076,1909f56bfc062723c751e8b465ee728b)
Start importing Assets/Recursos/IMG/Images/menu/main_menu_pointer_anim0000.png using Guid(66a8afb9c469e472c97026f9c8b4869e) Importer(815301076,1909f56bfc062723c751e8b465ee728b)  -> (artifact id: '3b58e90eb257e7d2a0e4b4e1da0230be') in 0.024346 seconds 
========================================================================
Received Import Request.
  Time since last request: 0.000200 seconds.
  path: Assets/Recursos/IMG/Images/menu/main_menu_pointer_anim0006.png
  artifactKey: Guid(50e46aa16a18c473491ac8077e08d748) Importer(815301076,1909f56bfc062723c751e8b465ee728b)
Start importing Assets/Recursos/IMG/Images/menu/main_menu_pointer_anim0006.png using Guid(50e46aa16a18c473491ac8077e08d748) Importer(815301076,1909f56bfc062723c751e8b465ee728b)  -> (artifact id: 'cb8f417cb4a48e9dc25660d9d5962641') in 0.021602 seconds 
========================================================================
Received Import Request.
  Time since last request: 0.000221 seconds.
  path: Assets/Recursos/IMG/Images/menu/pause_top_fleur0001.png
  artifactKey: Guid(8afb180eb6a61485288219e81954cd3c) Importer(815301076,1909f56bfc062723c751e8b465ee728b)
Start importing Assets/Recursos/IMG/Images/menu/pause_top_fleur0001.png using Guid(8afb180eb6a61485288219e81954cd3c) Importer(815301076,1909f56bfc062723c751e8b465ee728b)  -> (artifact id: '1f301b0030064fe74b9fce5a693d2f48') in 0.020199 seconds 
========================================================================
Received Import Request.
  Time since last request: 0.000219 seconds.
  path: Assets/Recursos/IMG/Images/menu/pause_top_fleur0006.png
  artifactKey: Guid(a8ffc31e3c826452885ab984502b880b) Importer(815301076,1909f56bfc062723c751e8b465ee728b)
Start importing Assets/Recursos/IMG/Images/menu/pause_top_fleur0006.png using Guid(a8ffc31e3c826452885ab984502b880b) Importer(815301076,1909f56bfc062723c751e8b465ee728b)  -> (artifact id: '4a94edccb4b853695b9a61652e21968f') in 0.058979 seconds 
========================================================================
Received Import Request.
  Time since last request: 0.000198 seconds.
  path: Assets/Recursos/IMG/Images/menu/SpriteAtlasTexture-Menu-512x256-fmt12.png
  artifactKey: Guid(ef898003c0b2c458bad509c99e47601d) Importer(815301076,1909f56bfc062723c751e8b465ee728b)
Start importing Assets/Recursos/IMG/Images/menu/SpriteAtlasTexture-Menu-512x256-fmt12.png using Guid(ef898003c0b2c458bad509c99e47601d) Importer(815301076,1909f56bfc062723c751e8b465ee728b)  -> (artifact id: '6e8e2c151e75ad66b45fdadb25f92ac1') in 0.032587 seconds 
========================================================================
Received Import Request.
  Time since last request: 0.000216 seconds.
  path: Assets/Recursos/IMG/Images/menu/main_menu_pointer_anim0008.png
  artifactKey: Guid(cbb87117670d64461bca2ee002c1dc4b) Importer(815301076,1909f56bfc062723c751e8b465ee728b)
Start importing Assets/Recursos/IMG/Images/menu/main_menu_pointer_anim0008.png using Guid(cbb87117670d64461bca2ee002c1dc4b) Importer(815301076,1909f56bfc062723c751e8b465ee728b)  -> (artifact id: '922342ed320e7b1410f1967d76a2eddd') in 0.023390 seconds 
========================================================================
Received Import Request.
  Time since last request: 0.000320 seconds.
  path: Assets/Recursos/IMG/Images/menu/main_menu_pointer_anim0010.png
  artifactKey: Guid(9560eb275d98b4472b726eee895516ba) Importer(815301076,1909f56bfc062723c751e8b465ee728b)
Start importing Assets/Recursos/IMG/Images/menu/main_menu_pointer_anim0010.png using Guid(9560eb275d98b4472b726eee895516ba) Importer(815301076,1909f56bfc062723c751e8b465ee728b)  -> (artifact id: '73af148b4ce4f528c412f188e9722348') in 0.018506 seconds 
========================================================================
Received Import Request.
  Time since last request: 0.000219 seconds.
  path: Assets/Recursos/IMG/Images/menu/pause_top_fleur0000.png
  artifactKey: Guid(b457323464f0f4d9b8da02dca5078349) Importer(815301076,1909f56bfc062723c751e8b465ee728b)
Start importing Assets/Recursos/IMG/Images/menu/pause_top_fleur0000.png using Guid(b457323464f0f4d9b8da02dca5078349) Importer(815301076,1909f56bfc062723c751e8b465ee728b)  -> (artifact id: '92010ed9947ff8e2333a2f8e06e66461') in 0.021233 seconds 
========================================================================
Received Import Request.
  Time since last request: 0.000189 seconds.
  path: Assets/Recursos/IMG/Images/menu/pause_top_fleur0003.png
  artifactKey: Guid(cd384c7fa1b294391ba430fa05be81aa) Importer(815301076,1909f56bfc062723c751e8b465ee728b)
Start importing Assets/Recursos/IMG/Images/menu/pause_top_fleur0003.png using Guid(cd384c7fa1b294391ba430fa05be81aa) Importer(815301076,1909f56bfc062723c751e8b465ee728b)  -> (artifact id: 'c48eecfe4168eadefffcf790f815805b') in 0.027019 seconds 
========================================================================
Received Import Request.
  Time since last request: 0.000223 seconds.
  path: Assets/Recursos/IMG/Images/menu/main_menu_pointer_anim0002.png
  artifactKey: Guid(db4a7bd6a65e647a4bce806233fe7ccc) Importer(815301076,1909f56bfc062723c751e8b465ee728b)
Start importing Assets/Recursos/IMG/Images/menu/main_menu_pointer_anim0002.png using Guid(db4a7bd6a65e647a4bce806233fe7ccc) Importer(815301076,1909f56bfc062723c751e8b465ee728b)  -> (artifact id: '6fb2a48c03c92c2e678712504372413b') in 0.018203 seconds 
========================================================================
Received Import Request.
  Time since last request: 13.796382 seconds.
  path: Assets/Recursos/IMG/Images/door & entry/door_framework.png
  artifactKey: Guid(e736195aef115464e9fc27014dfef009) Importer(815301076,1909f56bfc062723c751e8b465ee728b)
Start importing Assets/Recursos/IMG/Images/door & entry/door_framework.png using Guid(e736195aef115464e9fc27014dfef009) Importer(815301076,1909f56bfc062723c751e8b465ee728b)  -> (artifact id: '0049f00b51497c665df460093c4c27a8') in 0.107351 seconds 
========================================================================
Received Import Request.
  Time since last request: 871.084660 seconds.
  path: Assets/Recursos/IMG/Images/menu/main_menu_pointer_anim0000.png
  artifactKey: Guid(66a8afb9c469e472c97026f9c8b4869e) Importer(815301076,1909f56bfc062723c751e8b465ee728b)
Start importing Assets/Recursos/IMG/Images/menu/main_menu_pointer_anim0000.png using Guid(66a8afb9c469e472c97026f9c8b4869e) Importer(815301076,1909f56bfc062723c751e8b465ee728b)  -> (artifact id: 'dc1e30e434cc50edf5fc73de248985b3') in 0.021732 seconds 
========================================================================
Received Import Request.
  Time since last request: 0.000196 seconds.
  path: Assets/Recursos/IMG/Images/menu/main_menu_pointer_anim0004.png
  artifactKey: Guid(18e7f99ea009c46f6ae0ce928d1ccc9b) Importer(815301076,1909f56bfc062723c751e8b465ee728b)
Start importing Assets/Recursos/IMG/Images/menu/main_menu_pointer_anim0004.png using Guid(18e7f99ea009c46f6ae0ce928d1ccc9b) Importer(815301076,1909f56bfc062723c751e8b465ee728b)  -> (artifact id: 'd81394687dd5f6a502b7b30f5811460d') in 0.013994 seconds 
========================================================================
Received Import Request.
  Time since last request: 0.000194 seconds.
  path: Assets/Recursos/IMG/Images/menu/main_menu_pointer_anim0001.png
  artifactKey: Guid(23d95416ea66f4b539a6234ae60f5a0a) Importer(815301076,1909f56bfc062723c751e8b465ee728b)
Start importing Assets/Recursos/IMG/Images/menu/main_menu_pointer_anim0001.png using Guid(23d95416ea66f4b539a6234ae60f5a0a) Importer(815301076,1909f56bfc062723c751e8b465ee728b)  -> (artifact id: '5dd5edba6215d169c70220e2c8a3ffc1') in 0.015934 seconds 
========================================================================
Received Import Request.
  Time since last request: 0.000162 seconds.
  path: Assets/Recursos/IMG/Images/menu/main_menu_pointer_anim0009.png
  artifactKey: Guid(b199f8514b85c4059838bf4344174f22) Importer(815301076,1909f56bfc062723c751e8b465ee728b)
Start importing Assets/Recursos/IMG/Images/menu/main_menu_pointer_anim0009.png using Guid(b199f8514b85c4059838bf4344174f22) Importer(815301076,1909f56bfc062723c751e8b465ee728b)  -> (artifact id: '9653f5a3b80b46d5665cc41abcb1306f') in 0.010885 seconds 
========================================================================
Received Import Request.
  Time since last request: 0.000229 seconds.
  path: Assets/Recursos/IMG/Images/menu/main_menu_pointer_anim0005.png
  artifactKey: Guid(34d0c94c818104b48a10a80f6363ccef) Importer(815301076,1909f56bfc062723c751e8b465ee728b)
Start importing Assets/Recursos/IMG/Images/menu/main_menu_pointer_anim0005.png using Guid(34d0c94c818104b48a10a80f6363ccef) Importer(815301076,1909f56bfc062723c751e8b465ee728b)  -> (artifact id: 'f97e917a60702c0d85bfb76af7a0e6e7') in 0.014226 seconds 
========================================================================
Received Import Request.
  Time since last request: 0.000243 seconds.
  path: Assets/Recursos/IMG/Images/menu/main_menu_pointer_anim0003.png
  artifactKey: Guid(e6bb7d9f30bcd498684efa54cf023316) Importer(815301076,1909f56bfc062723c751e8b465ee728b)
Start importing Assets/Recursos/IMG/Images/menu/main_menu_pointer_anim0003.png using Guid(e6bb7d9f30bcd498684efa54cf023316) Importer(815301076,1909f56bfc062723c751e8b465ee728b)  -> (artifact id: '024a38edcb4c8b5ca7a4379422ec5d65') in 0.008755 seconds 
========================================================================
Received Import Request.
  Time since last request: 0.000273 seconds.
  path: Assets/Recursos/IMG/Images/menu/main_menu_pointer_anim0007.png
  artifactKey: Guid(cc13aff7cf24742da84c7d705f1a2980) Importer(815301076,1909f56bfc062723c751e8b465ee728b)
Start importing Assets/Recursos/IMG/Images/menu/main_menu_pointer_anim0007.png using Guid(cc13aff7cf24742da84c7d705f1a2980) Importer(815301076,1909f56bfc062723c751e8b465ee728b)  -> (artifact id: '8539d769ee1e01eb12a0bfef0bf2819a') in 0.011441 seconds 
========================================================================
Received Import Request.
  Time since last request: 0.000315 seconds.
  path: Assets/Recursos/IMG/Images/menu/main_menu_pointer_anim0006.png
  artifactKey: Guid(50e46aa16a18c473491ac8077e08d748) Importer(815301076,1909f56bfc062723c751e8b465ee728b)
Start importing Assets/Recursos/IMG/Images/menu/main_menu_pointer_anim0006.png using Guid(50e46aa16a18c473491ac8077e08d748) Importer(815301076,1909f56bfc062723c751e8b465ee728b)  -> (artifact id: 'f1adc5a4c76f86a91180050eb4b03fb0') in 0.010394 seconds 
========================================================================
Received Import Request.
  Time since last request: 0.000197 seconds.
  path: Assets/Recursos/IMG/Images/menu/main_menu_pointer_anim0008.png
  artifactKey: Guid(cbb87117670d64461bca2ee002c1dc4b) Importer(815301076,1909f56bfc062723c751e8b465ee728b)
Start importing Assets/Recursos/IMG/Images/menu/main_menu_pointer_anim0008.png using Guid(cbb87117670d64461bca2ee002c1dc4b) Importer(815301076,1909f56bfc062723c751e8b465ee728b)  -> (artifact id: 'b939449cc7c0bfbabce4cf02216ebb85') in 0.013452 seconds 
========================================================================
Received Import Request.
  Time since last request: 0.000243 seconds.
  path: Assets/Recursos/IMG/Images/menu/main_menu_pointer_anim0010.png
  artifactKey: Guid(9560eb275d98b4472b726eee895516ba) Importer(815301076,1909f56bfc062723c751e8b465ee728b)
Start importing Assets/Recursos/IMG/Images/menu/main_menu_pointer_anim0010.png using Guid(9560eb275d98b4472b726eee895516ba) Importer(815301076,1909f56bfc062723c751e8b465ee728b)  -> (artifact id: '2f35b5dfcd5373977f5795cfb00a6c0b') in 0.010039 seconds 
========================================================================
Received Import Request.
  Time since last request: 0.000171 seconds.
  path: Assets/Recursos/IMG/Images/menu/main_menu_pointer_anim0002.png
  artifactKey: Guid(db4a7bd6a65e647a4bce806233fe7ccc) Importer(815301076,1909f56bfc062723c751e8b465ee728b)
Start importing Assets/Recursos/IMG/Images/menu/main_menu_pointer_anim0002.png using Guid(db4a7bd6a65e647a4bce806233fe7ccc) Importer(815301076,1909f56bfc062723c751e8b465ee728b)  -> (artifact id: '3c8469aa527aa5a9289bad35d5e72d1b') in 0.009558 seconds 
========================================================================
Received Import Request.
  Time since last request: 793.601519 seconds.
  path: Assets/Sounds/hollow_knight_bulging_flying_loop.wav
  artifactKey: Guid(1a494006b039bbf449fa7a54efa94e3e) Importer(815301076,1909f56bfc062723c751e8b465ee728b)
Start importing Assets/Sounds/hollow_knight_bulging_flying_loop.wav using Guid(1a494006b039bbf449fa7a54efa94e3e) Importer(815301076,1909f56bfc062723c751e8b465ee728b)  -> (artifact id: '088bb51c059c9163a159b083114e79db') in 0.118426 seconds 
========================================================================
Received Import Request.
  Time since last request: 0.000230 seconds.
  path: Assets/Sounds/hollow_shade_sword.wav
  artifactKey: Guid(58e67cba0f5ad444cbe460d8b99729a9) Importer(815301076,1909f56bfc062723c751e8b465ee728b)
Start importing Assets/Sounds/hollow_shade_sword.wav using Guid(58e67cba0f5ad444cbe460d8b99729a9) Importer(815301076,1909f56bfc062723c751e8b465ee728b)  -> (artifact id: '599ad22ba4a5bf2007d798b6097219ca') in 0.011409 seconds 
========================================================================
Received Import Request.
  Time since last request: 0.000283 seconds.
  path: Assets/Sounds/hollow_knight_scream_distant.wav
  artifactKey: Guid(1eb718b1450cbf046830630c75321feb) Importer(815301076,1909f56bfc062723c751e8b465ee728b)
Start importing Assets/Sounds/hollow_knight_scream_distant.wav using Guid(1eb718b1450cbf046830630c75321feb) Importer(815301076,1909f56bfc062723c751e8b465ee728b)  -> (artifact id: '7ec507d2ae9b5b3b376b4eab5bdced24') in 0.009192 seconds 
========================================================================
Received Import Request.
  Time since last request: 0.000231 seconds.
  path: Assets/Sounds/hollow_shade_idle.wav
  artifactKey: Guid(00ba106a38f1c5b489ebf85d8d73a221) Importer(815301076,1909f56bfc062723c751e8b465ee728b)
Start importing Assets/Sounds/hollow_shade_idle.wav using Guid(00ba106a38f1c5b489ebf85d8d73a221) Importer(815301076,1909f56bfc062723c751e8b465ee728b)  -> (artifact id: 'ab930bc5aed9194313a87543ea540577') in 0.013173 seconds 
========================================================================
Received Import Request.
  Time since last request: 0.000173 seconds.
  path: Assets/Sounds/hollow_shade_fly.wav
  artifactKey: Guid(e1668d70b4a1576458b7cba4c2606ef0) Importer(815301076,1909f56bfc062723c751e8b465ee728b)
Start importing Assets/Sounds/hollow_shade_fly.wav using Guid(e1668d70b4a1576458b7cba4c2606ef0) Importer(815301076,1909f56bfc062723c751e8b465ee728b)  -> (artifact id: '00c1adc0248adffd3754b1346b26aa6e') in 0.009958 seconds 
========================================================================
Received Import Request.
  Time since last request: 0.000172 seconds.
  path: Assets/Sounds/hollow_knight_firewalls_produce.wav
  artifactKey: Guid(e96eed70b29718045a1ef700cc55b06d) Importer(815301076,1909f56bfc062723c751e8b465ee728b)
Start importing Assets/Sounds/hollow_knight_firewalls_produce.wav using Guid(e96eed70b29718045a1ef700cc55b06d) Importer(815301076,1909f56bfc062723c751e8b465ee728b)  -> (artifact id: 'd9603a06ff5e5d434f226b724ec4c89e') in 0.009172 seconds 
========================================================================
Received Import Request.
  Time since last request: 0.000218 seconds.
  path: Assets/Sounds/hollow_knight_bulging_start_scream.wav
  artifactKey: Guid(8ef4d1c5827544e4e90e3ad251965c26) Importer(815301076,1909f56bfc062723c751e8b465ee728b)
Start importing Assets/Sounds/hollow_knight_bulging_start_scream.wav using Guid(8ef4d1c5827544e4e90e3ad251965c26) Importer(815301076,1909f56bfc062723c751e8b465ee728b)  -> (artifact id: 'c2f38b4fd1cf4628446ac7ba5a42f16a') in 0.016344 seconds 
========================================================================
Received Import Request.
  Time since last request: 0.000194 seconds.
  path: Assets/Sounds/hollow_knight_bungling_bounce_3.wav
  artifactKey: Guid(47338e879072f0642b13f11be5742871) Importer(815301076,1909f56bfc062723c751e8b465ee728b)
Start importing Assets/Sounds/hollow_knight_bungling_bounce_3.wav using Guid(47338e879072f0642b13f11be5742871) Importer(815301076,1909f56bfc062723c751e8b465ee728b)  -> (artifact id: 'bda7c2002c2cd124fe715f35ad73dfeb') in 0.010416 seconds 
========================================================================
Received Import Request.
  Time since last request: 0.000193 seconds.
  path: Assets/Sounds/hollow_shade_fireball.wav
  artifactKey: Guid(366a747a54a42d44ca1b2e72994c028c) Importer(815301076,1909f56bfc062723c751e8b465ee728b)
Start importing Assets/Sounds/hollow_shade_fireball.wav using Guid(366a747a54a42d44ca1b2e72994c028c) Importer(815301076,1909f56bfc062723c751e8b465ee728b)  -> (artifact id: '28f06c8caf847ab052402ecbf6c3ec86') in 0.008761 seconds 
========================================================================
Received Import Request.
  Time since last request: 0.000197 seconds.
  path: Assets/Sounds/hollow_knight_rumble_pre_chain_break.wav
  artifactKey: Guid(9e5910febf9029d488f98bc9b10b2b43) Importer(815301076,1909f56bfc062723c751e8b465ee728b)
Start importing Assets/Sounds/hollow_knight_rumble_pre_chain_break.wav using Guid(9e5910febf9029d488f98bc9b10b2b43) Importer(815301076,1909f56bfc062723c751e8b465ee728b)  -> (artifact id: '5e8c33a1f6516dc8a7b4fd2b2bfbd320') in 0.010238 seconds 
========================================================================
Received Import Request.
  Time since last request: 0.000202 seconds.
  path: Assets/Sounds/hollow_shade_startle.wav
  artifactKey: Guid(b35a71fb17030714eae58830fa9e3457) Importer(815301076,1909f56bfc062723c751e8b465ee728b)
Start importing Assets/Sounds/hollow_shade_startle.wav using Guid(b35a71fb17030714eae58830fa9e3457) Importer(815301076,1909f56bfc062723c751e8b465ee728b)  -> (artifact id: '4dbab28f813f0eefc1462b552c38dbf1') in 0.008667 seconds 
========================================================================
Received Import Request.
  Time since last request: 0.000188 seconds.
  path: Assets/Sounds/hollow_knight_scream_v1.wav
  artifactKey: Guid(2ec2f6ae93cb38c4e9bceb7385d5b96a) Importer(815301076,1909f56bfc062723c751e8b465ee728b)
Start importing Assets/Sounds/hollow_knight_scream_v1.wav using Guid(2ec2f6ae93cb38c4e9bceb7385d5b96a) Importer(815301076,1909f56bfc062723c751e8b465ee728b)  -> (artifact id: '06a5fb23365920306223c1bee998f5a2') in 0.008696 seconds 
========================================================================
Received Import Request.
  Time since last request: 0.000188 seconds.
  path: Assets/Sounds/hollow_knight_bungling_bounce_2.wav
  artifactKey: Guid(e6dc897215424c84b8203ae522915893) Importer(815301076,1909f56bfc062723c751e8b465ee728b)
Start importing Assets/Sounds/hollow_knight_bungling_bounce_2.wav using Guid(e6dc897215424c84b8203ae522915893) Importer(815301076,1909f56bfc062723c751e8b465ee728b)  -> (artifact id: 'd05fe60dd2ee4781ca1bda8b8e246d73') in 0.008722 seconds 
========================================================================
Received Import Request.
  Time since last request: 0.000214 seconds.
  path: Assets/Sounds/hollow_knight_self_stab.wav
  artifactKey: Guid(5eeb234c02837a64c973d54278bd0dad) Importer(815301076,1909f56bfc062723c751e8b465ee728b)
Start importing Assets/Sounds/hollow_knight_self_stab.wav using Guid(5eeb234c02837a64c973d54278bd0dad) Importer(815301076,1909f56bfc062723c751e8b465ee728b)  -> (artifact id: 'af549d14d88210eb1144b16cbd5d90db') in 0.008983 seconds 
========================================================================
Received Import Request.
  Time since last request: 0.000228 seconds.
  path: Assets/Sounds/hollow_knight_self_stab_prepare.wav
  artifactKey: Guid(9027f4108af14054699430a5120cbb3f) Importer(815301076,1909f56bfc062723c751e8b465ee728b)
Start importing Assets/Sounds/hollow_knight_self_stab_prepare.wav using Guid(9027f4108af14054699430a5120cbb3f) Importer(815301076,1909f56bfc062723c751e8b465ee728b)  -> (artifact id: 'e748634db7d66114cd06c9a0fca41da3') in 0.009077 seconds 
========================================================================
Received Import Request.
  Time since last request: 0.000237 seconds.
  path: Assets/Sounds/hollow_knight_bungling_bounce_1.wav
  artifactKey: Guid(2c43d57f9ff3b734f9d1b9c939feec29) Importer(815301076,1909f56bfc062723c751e8b465ee728b)
Start importing Assets/Sounds/hollow_knight_bungling_bounce_1.wav using Guid(2c43d57f9ff3b734f9d1b9c939feec29) Importer(815301076,1909f56bfc062723c751e8b465ee728b)  -> (artifact id: '11fd5bcda117baa22280152996b22f34') in 0.008614 seconds 
========================================================================
Received Import Request.
  Time since last request: 11.608760 seconds.
  path: Assets/Sounds/The Hollow Knight
  artifactKey: Guid(701ed292a12adef4ea3af0ef4fd5ab55) Importer(815301076,1909f56bfc062723c751e8b465ee728b)
Start importing Assets/Sounds/The Hollow Knight using Guid(701ed292a12adef4ea3af0ef4fd5ab55) Importer(815301076,1909f56bfc062723c751e8b465ee728b)  -> (artifact id: '2715b4396c261dd71f06e42b4ecf6283') in 0.004871 seconds 
========================================================================
Received Import Request.
  Time since last request: 177.796916 seconds.
  path: Assets/Recursos/IMG/Images/platfrom
  artifactKey: Guid(203bd8e7eaa0c495788b3527052863ff) Importer(815301076,1909f56bfc062723c751e8b465ee728b)
Start importing Assets/Recursos/IMG/Images/platfrom using Guid(203bd8e7eaa0c495788b3527052863ff) Importer(815301076,1909f56bfc062723c751e8b465ee728b)  -> (artifact id: 'c3dc7ce70a8ef7fd5621da2f0c4debd4') in 0.005011 seconds 
========================================================================
Received Import Request.
  Time since last request: 0.052366 seconds.
  path: Assets/Recursos/IMG/Images/platfrom/platform1.png
  artifactKey: Guid(a651f46fdedba426299a0d32623731a7) Importer(815301076,1909f56bfc062723c751e8b465ee728b)
Start importing Assets/Recursos/IMG/Images/platfrom/platform1.png using Guid(a651f46fdedba426299a0d32623731a7) Importer(815301076,1909f56bfc062723c751e8b465ee728b)  -> (artifact id: 'c644f6f7aab0ce37b19ebbbbec8663cd') in 0.033916 seconds 
========================================================================
Received Import Request.
  Time since last request: 0.000292 seconds.
  path: Assets/Recursos/IMG/Images/platfrom/platform_boss.png
  artifactKey: Guid(a443f17593a974db0b19b7ebca3f3b48) Importer(815301076,1909f56bfc062723c751e8b465ee728b)
Start importing Assets/Recursos/IMG/Images/platfrom/platform_boss.png using Guid(a443f17593a974db0b19b7ebca3f3b48) Importer(815301076,1909f56bfc062723c751e8b465ee728b)  -> (artifact id: '214dc47547914bedd9bbe99a271e6ad9') in 0.030036 seconds 
========================================================================
Received Import Request.
  Time since last request: 0.000266 seconds.
  path: Assets/Recursos/IMG/Images/platfrom/platform2.png
  artifactKey: Guid(a3f3af613095749c797a0602ede1fd70) Importer(815301076,1909f56bfc062723c751e8b465ee728b)
Start importing Assets/Recursos/IMG/Images/platfrom/platform2.png using Guid(a3f3af613095749c797a0602ede1fd70) Importer(815301076,1909f56bfc062723c751e8b465ee728b)  -> (artifact id: '1e9f17641af3695d035bb599785e74f5') in 0.031834 seconds 
========================================================================
Received Import Request.
  Time since last request: 2.976007 seconds.
  path: Assets/Recursos/IMG/Images/platfrom/unstable_plat_large
  artifactKey: Guid(64327646550774e8bbf69ef24a41b57d) Importer(815301076,1909f56bfc062723c751e8b465ee728b)
Start importing Assets/Recursos/IMG/Images/platfrom/unstable_plat_large using Guid(64327646550774e8bbf69ef24a41b57d) Importer(815301076,1909f56bfc062723c751e8b465ee728b)  -> (artifact id: 'e34038834fabd68de497fd3015de3062') in 0.005121 seconds 
========================================================================
Received Import Request.
  Time since last request: 0.151534 seconds.
  path: Assets/Recursos/IMG/Images/platfrom/unstable_plat_large/1.png
  artifactKey: Guid(b9e35047a1e764ec297810dbe1593ed9) Importer(815301076,1909f56bfc062723c751e8b465ee728b)
Start importing Assets/Recursos/IMG/Images/platfrom/unstable_plat_large/1.png using Guid(b9e35047a1e764ec297810dbe1593ed9) Importer(815301076,1909f56bfc062723c751e8b465ee728b)  -> (artifact id: '1f5287bf8fae80f8b72c3bd946eea888') in 0.030148 seconds 
========================================================================
Received Import Request.
  Time since last request: 0.000270 seconds.
  path: Assets/Recursos/IMG/Images/platfrom/unstable_plat_large/3.png
  artifactKey: Guid(182e5dd1893f34e6086354b51fe1446d) Importer(815301076,1909f56bfc062723c751e8b465ee728b)
Start importing Assets/Recursos/IMG/Images/platfrom/unstable_plat_large/3.png using Guid(182e5dd1893f34e6086354b51fe1446d) Importer(815301076,1909f56bfc062723c751e8b465ee728b)  -> (artifact id: '539c1f5dd696e82fc59047a6c54c3459') in 0.037653 seconds 
========================================================================
Received Import Request.
  Time since last request: 0.000278 seconds.
  path: Assets/Recursos/IMG/Images/platfrom/unstable_plat_large/5.png
  artifactKey: Guid(f752bb7e90a10437090a2222496223ca) Importer(815301076,1909f56bfc062723c751e8b465ee728b)
Start importing Assets/Recursos/IMG/Images/platfrom/unstable_plat_large/5.png using Guid(f752bb7e90a10437090a2222496223ca) Importer(815301076,1909f56bfc062723c751e8b465ee728b)  -> (artifact id: 'cc9eec0f093fd5324eccbac7edcf9d3a') in 0.035748 seconds 
========================================================================
Received Import Request.
  Time since last request: 0.000298 seconds.
  path: Assets/Recursos/IMG/Images/platfrom/unstable_plat_large/4.png
  artifactKey: Guid(147354ccd10d341ad98f8ab85f799d87) Importer(815301076,1909f56bfc062723c751e8b465ee728b)
Start importing Assets/Recursos/IMG/Images/platfrom/unstable_plat_large/4.png using Guid(147354ccd10d341ad98f8ab85f799d87) Importer(815301076,1909f56bfc062723c751e8b465ee728b)  -> (artifact id: '6348c541da4aa4430f4e494e7175209a') in 0.046090 seconds 
========================================================================
Received Import Request.
  Time since last request: 0.000304 seconds.
  path: Assets/Recursos/IMG/Images/platfrom/unstable_plat_large/2.png
  artifactKey: Guid(a58279b6bf65c4574ae04e56755072bf) Importer(815301076,1909f56bfc062723c751e8b465ee728b)
Start importing Assets/Recursos/IMG/Images/platfrom/unstable_plat_large/2.png using Guid(a58279b6bf65c4574ae04e56755072bf) Importer(815301076,1909f56bfc062723c751e8b465ee728b)  -> (artifact id: 'c9e7c5b0c7f89694265e47ed1f50bde7') in 0.030058 seconds 
========================================================================
Received Prepare
Registering precompiled user dll's ...
Registered in 0.048029 seconds.
Begin MonoManager ReloadAssembly
Symbol file LoadedFromMemory doesn't match image E:\Unity\Learn\Unity-KID-HC-TC-Class-0822-Lesson\Hollow-Knight-KID-Class-0822-3rd\Library\PackageCache\com.unity.visualscripting@1.6.1\Editor\VisualScripting.Core\Dependencies\YamlDotNet\Unity.VisualScripting.YamlDotNet.dll
Symbol file LoadedFromMemory doesn't match image E:\Unity\Learn\Unity-KID-HC-TC-Class-0822-Lesson\Hollow-Knight-KID-Class-0822-3rd\Library\PackageCache\com.unity.visualscripting@1.6.1\Editor\VisualScripting.Core\Dependencies\DotNetZip\Unity.VisualScripting.IonicZip.dll
Native extension for WindowsStandalone target not found
Native extension for WebGL target not found
Refreshing native plugins compatible for Editor in 0.75 ms, found 4 plugins.
Preloading 0 native plugins for Editor in 0.00 ms.
Unable to allocate new scene culling mask
UnityEngine.StackTraceUtility:ExtractStackTrace ()
UnityEditor.SceneManagement.EditorSceneManager:NewPreviewScene (bool)
UnityEditor.SceneManagement.EditorSceneManager:NewPreviewScene ()
UnityEditor.PreviewScene:.ctor (string)
UnityEditor.PreviewRenderUtility:.ctor ()
UnityEditor.Texture3DPreview:InitPreviewUtility ()
UnityEditor.Texture3DPreview:OnEnable ()

[C:\buildslave\unity\build\Editor/Src/SceneManager/EditorSceneManager.cpp line 672]

Unable to allocate new scene culling mask
UnityEngine.StackTraceUtility:ExtractStackTrace ()
UnityEditor.SceneManagement.EditorSceneManager:NewPreviewScene (bool)
UnityEditor.SceneManagement.EditorSceneManager:NewPreviewScene ()
UnityEditor.PreviewScene:.ctor (string)
UnityEditor.PreviewRenderUtility:.ctor ()
UnityEditor.Texture3DPreview:InitPreviewUtility ()
UnityEditor.Texture3DPreview:OnEnable ()

[C:\buildslave\unity\build\Editor/Src/SceneManager/EditorSceneManager.cpp line 672]

Unable to allocate new scene culling mask
UnityEngine.StackTraceUtility:ExtractStackTrace ()
UnityEditor.SceneManagement.EditorSceneManager:NewPreviewScene (bool)
UnityEditor.SceneManagement.EditorSceneManager:NewPreviewScene ()
UnityEditor.PreviewScene:.ctor (string)
UnityEditor.PreviewRenderUtility:.ctor ()
UnityEditor.Texture3DPreview:InitPreviewUtility ()
UnityEditor.Texture3DPreview:OnEnable ()

[C:\buildslave\unity\build\Editor/Src/SceneManager/EditorSceneManager.cpp line 672]

Mono: successfully reloaded assembly
- Completed reload, in  1.447 seconds
Domain Reload Profiling:
	ReloadAssembly (1447ms)
		BeginReloadAssembly (144ms)
			ExecutionOrderSort (0ms)
			DisableScriptedObjects (6ms)
			BackupInstance (0ms)
			ReleaseScriptingObjects (0ms)
			CreateAndSetChildDomain (49ms)
		EndReloadAssembly (1245ms)
			LoadAssemblies (97ms)
			RebuildTransferFunctionScriptingTraits (0ms)
			SetupTypeCache (347ms)
			ReleaseScriptCaches (1ms)
			RebuildScriptCaches (43ms)
			SetupLoadedEditorAssemblies (365ms)
				LogAssemblyErrors (0ms)
				InitializePlatformSupportModulesInManaged (5ms)
				SetLoadedEditorAssemblies (0ms)
				RefreshPlugins (1ms)
				BeforeProcessingInitializeOnLoad (60ms)
				ProcessInitializeOnLoadAttributes (284ms)
				ProcessInitializeOnLoadMethodAttributes (7ms)
				AfterProcessingInitializeOnLoad (6ms)
				EditorAssembliesLoaded (0ms)
			ExecutionOrderSort2 (0ms)
			AwakeInstancesAfterBackupRestoration (27ms)
Platform modules already initialized, skipping
Refreshing native plugins compatible for Editor in 0.78 ms, found 4 plugins.
Preloading 0 native plugins for Editor in 0.00 ms.
Unloading 3724 Unused Serialized files (Serialized files now loaded: 0)
System memory in use before: 199.8 MB.
System memory in use after: 200.1 MB.

Unloading 25 unused Assets to reduce memory usage. Loaded Objects now: 6192.
Total: 4.532500 ms (FindLiveObjects: 0.499000 ms CreateObjectMapping: 0.213800 ms MarkObjects: 3.720900 ms  DeleteObjects: 0.097600 ms)

AssetImportParameters requested are different than current active one (requested -> active):
  custom:framework-win-MediaFoundation: 216162199b28c13a410421893ffa2e32 -> 
  custom:video-decoder-ogg-theora: a1e56fd34408186e4bbccfd4996cb3dc -> 
  custom:container-muxer-webm: aa71ff27fc2769a1b78a27578f13a17b -> 
  custom:container-demuxer-webm: 4f35f7cbe854078d1ac9338744f61a02 -> 
  custom:container-demuxer-ogg: 62fdf1f143b41e24485cea50d1cbac27 -> 
  custom:video-encoder-webm-vp8: eb34c28f22e8b96e1ab97ce403110664 -> 
  custom:video-decoder-webm-vp8: 9c59270c3fd7afecdb556c50c9e8de78 -> 
  custom:audio-decoder-ogg-vorbis: bf7c407c2cedff20999df2af8eb42d56 -> 
  custom:audio-encoder-webm-vorbis: bf7c407c2cedff20999df2af8eb42d56 -> 
AssetImportWorkerClient::OnTransportError - code=2 error=End of file
